INFO - 2023-04-17 07:53:20 --> Session: Class initialized using 'CodeIgniter\Session\Handlers\FileHandler' driver.
ERROR - 2023-04-17 07:53:23 --> mysqli_sql_exception: Table 'posme.tb_parameter' doesn't exist in C:\xampp\teamds2\nsSystem\v4posme\system\Database\MySQLi\Connection.php:295
Stack trace:
#0 C:\xampp\teamds2\nsSystem\v4posme\system\Database\MySQLi\Connection.php(295): mysqli->query('select paramete...', 0)
#1 C:\xampp\teamds2\nsSystem\v4posme\system\Database\BaseConnection.php(691): CodeIgniter\Database\MySQLi\Connection->execute('select paramete...')
#2 C:\xampp\teamds2\nsSystem\v4posme\system\Database\BaseConnection.php(605): CodeIgniter\Database\BaseConnection->simpleQuery('select paramete...')
#3 C:\xampp\teamds2\nsSystem\v4posme\app\Models\Core\Parameter_Model.php(21): CodeIgniter\Database\BaseConnection->query('select paramete...')
#4 C:\xampp\teamds2\nsSystem\v4posme\app\Libraries\core_web_parameter.php(127): App\Models\Core\Parameter_Model->get_rowByName('CORE_PAYMENT_SE...')
#5 C:\xampp\teamds2\nsSystem\v4posme\app\Controllers\core_acount.php(11): App\Libraries\core_web_parameter->getParameter('CORE_PAYMENT_SE...', '2')
#6 C:\xampp\teamds2\nsSystem\v4posme\system\CodeIgniter.php(934): App\Controllers\core_acount->index()
#7 C:\xampp\teamds2\nsSystem\v4posme\system\CodeIgniter.php(499): CodeIgniter\CodeIgniter->runController(Object(App\Controllers\core_acount))
#8 C:\xampp\teamds2\nsSystem\v4posme\system\CodeIgniter.php(368): CodeIgniter\CodeIgniter->handleRequest(NULL, Object(Config\Cache), false)
#9 C:\xampp\teamds2\nsSystem\v4posme\public\index.php(67): CodeIgniter\CodeIgniter->run()
#10 {main}
CRITICAL - 2023-04-17 07:53:23 --> Table 'posme.tb_parameter' doesn't exist
in SYSTEMPATH\Database\BaseConnection.php on line 645.
 1 APPPATH\Models\Core\Parameter_Model.php(21): CodeIgniter\Database\BaseConnection->query('select parameterID,name,description,isEdited,isRequiered from tb_parameter where name = \'CORE_PAYMENT_SENDBOX\' ')
 2 APPPATH\Libraries\core_web_parameter.php(127): App\Models\Core\Parameter_Model->get_rowByName('CORE_PAYMENT_SENDBOX')
 3 APPPATH\Controllers\core_acount.php(11): App\Libraries\core_web_parameter->getParameter('CORE_PAYMENT_SENDBOX', '2')
 4 SYSTEMPATH\CodeIgniter.php(934): App\Controllers\core_acount->index()
 5 SYSTEMPATH\CodeIgniter.php(499): CodeIgniter\CodeIgniter->runController(Object(App\Controllers\core_acount))
 6 SYSTEMPATH\CodeIgniter.php(368): CodeIgniter\CodeIgniter->handleRequest(null, Object(Config\Cache), false)
 7 FCPATH\index.php(67): CodeIgniter\CodeIgniter->run()
INFO - 2023-04-17 08:00:29 --> Session: Class initialized using 'CodeIgniter\Session\Handlers\FileHandler' driver.
ERROR - 2023-04-17 08:00:29 --> mysqli_sql_exception: Table 'posme.tb_parameter' doesn't exist in C:\xampp\teamds2\nsSystem\v4posme\system\Database\MySQLi\Connection.php:295
Stack trace:
#0 C:\xampp\teamds2\nsSystem\v4posme\system\Database\MySQLi\Connection.php(295): mysqli->query('select paramete...', 0)
#1 C:\xampp\teamds2\nsSystem\v4posme\system\Database\BaseConnection.php(691): CodeIgniter\Database\MySQLi\Connection->execute('select paramete...')
#2 C:\xampp\teamds2\nsSystem\v4posme\system\Database\BaseConnection.php(605): CodeIgniter\Database\BaseConnection->simpleQuery('select paramete...')
#3 C:\xampp\teamds2\nsSystem\v4posme\app\Models\Core\Parameter_Model.php(21): CodeIgniter\Database\BaseConnection->query('select paramete...')
#4 C:\xampp\teamds2\nsSystem\v4posme\app\Libraries\core_web_parameter.php(127): App\Models\Core\Parameter_Model->get_rowByName('CORE_PAYMENT_SE...')
#5 C:\xampp\teamds2\nsSystem\v4posme\app\Controllers\core_acount.php(11): App\Libraries\core_web_parameter->getParameter('CORE_PAYMENT_SE...', '2')
#6 C:\xampp\teamds2\nsSystem\v4posme\system\CodeIgniter.php(934): App\Controllers\core_acount->index()
#7 C:\xampp\teamds2\nsSystem\v4posme\system\CodeIgniter.php(499): CodeIgniter\CodeIgniter->runController(Object(App\Controllers\core_acount))
#8 C:\xampp\teamds2\nsSystem\v4posme\system\CodeIgniter.php(368): CodeIgniter\CodeIgniter->handleRequest(NULL, Object(Config\Cache), false)
#9 C:\xampp\teamds2\nsSystem\v4posme\public\index.php(67): CodeIgniter\CodeIgniter->run()
#10 {main}
CRITICAL - 2023-04-17 08:00:29 --> Table 'posme.tb_parameter' doesn't exist
in SYSTEMPATH\Database\BaseConnection.php on line 645.
 1 APPPATH\Models\Core\Parameter_Model.php(21): CodeIgniter\Database\BaseConnection->query('select parameterID,name,description,isEdited,isRequiered from tb_parameter where name = \'CORE_PAYMENT_SENDBOX\' ')
 2 APPPATH\Libraries\core_web_parameter.php(127): App\Models\Core\Parameter_Model->get_rowByName('CORE_PAYMENT_SENDBOX')
 3 APPPATH\Controllers\core_acount.php(11): App\Libraries\core_web_parameter->getParameter('CORE_PAYMENT_SENDBOX', '2')
 4 SYSTEMPATH\CodeIgniter.php(934): App\Controllers\core_acount->index()
 5 SYSTEMPATH\CodeIgniter.php(499): CodeIgniter\CodeIgniter->runController(Object(App\Controllers\core_acount))
 6 SYSTEMPATH\CodeIgniter.php(368): CodeIgniter\CodeIgniter->handleRequest(null, Object(Config\Cache), false)
 7 FCPATH\index.php(67): CodeIgniter\CodeIgniter->run()
